page/index.html
page/favicon.ico
page/index.html
page/v2-500.jpg
page/index.html
page/v2-500.jpg
page/v2-500.jpg
page/main.html
page/favicon.ico
page/index.html
page/v2-500.jpg
page/favicon.ico
page/index.html
page/v2-500.jpg
page/main.html
page/favicon.ico
page/index.html
page/index.html
page/index.html
page/main.html
page/error.html
page/favicon.ico
page/error.html
page/favicon.ico
page/favicon.ico
page/error.html
page/favicon.ico
page/favicon.ico
page/index.html
page/v2-500.jpg
page/favicon.ico
page/index.html
page/v2-500.jpg
page/favicon.ico
page/index.html
page/v2-500.jpg
page/index.html
page/v2-500.jpg
page/index.html
page/v2-500.jpg
page/index.html
page/v2-500.jpg
page/index.html
page/v2-500.jpg
page/index.html
page/v2-500.jpg
page/index.html
page/v2-500.jpg
page/index.html
page/index.html
page/v2-500.jpg
page/favicon.ico
page/index.html
page/v2-500.jpg
page/index.html
page/v2-500.jpg
page/index.html
page/v2-500.jpg
page/index.html
page/v2-500.jpg
page/index.html
page/v2-500.jpg
page/index.html
page/v2-500.jpg
page/index.html
page/v2-500.jpg
page/index.html
page/v2-500.jpg
page/index.html
page/v2-500.jpg
page/index.html
page/v2-500.jpg
page/index.html
page/v2-500.jpg
page/img
page/img
page/img
page/img
page/img
page/img
page/img
page/img
page/img
